This file contains any messages produced by compilers while
running configure, to aid debugging if configure makes a mistake.

It was created by gscie configure 1.0.0, which was
generated by GNU Autoconf 2.69.  Invocation command line was

  $ /home/kesmarag/Git/Gscie/configure 

## --------- ##
## Platform. ##
## --------- ##

hostname = develos
uname -m = x86_64
uname -r = 3.18.7-200.fc21.x86_64
uname -s = Linux
uname -v = #1 SMP Wed Feb 11 21:53:17 UTC 2015

/usr/bin/uname -p = x86_64
/bin/uname -X     = unknown

/bin/arch              = x86_64
/usr/bin/arch -k       = unknown
/usr/convex/getsysinfo = unknown
/usr/bin/hostinfo      = unknown
/bin/machine           = unknown
/usr/bin/oslevel       = unknown
/bin/universe          = unknown

PATH: /usr/lib64/qt-3.3/bin
PATH: /usr/local/bin
PATH: /usr/local/sbin
PATH: /usr/bin
PATH: /usr/sbin
PATH: /bin
PATH: /sbin
PATH: /home/kesmarag/.local/bin
PATH: /home/kesmarag/bin


## ----------- ##
## Core tests. ##
## ----------- ##

configure:2233: checking for gcc
configure:2249: found /usr/bin/gcc
configure:2260: result: gcc
configure:2489: checking for C compiler version
configure:2498: gcc --version >&5
gcc (GCC) 4.9.2 20150212 (Red Hat 4.9.2-6)
Copyright (C) 2014 Free Software Foundation, Inc.
This is free software; see the source for copying conditions.  There is NO
warranty; not even for MERCHANTABILITY or FITNESS FOR A PARTICULAR PURPOSE.

configure:2509: $? = 0
configure:2498: gcc -v >&5
Using built-in specs.
COLLECT_GCC=gcc
COLLECT_LTO_WRAPPER=/usr/libexec/gcc/x86_64-redhat-linux/4.9.2/lto-wrapper
Target: x86_64-redhat-linux
Configured with: ../configure --prefix=/usr --mandir=/usr/share/man --infodir=/usr/share/info --with-bugurl=http://bugzilla.redhat.com/bugzilla --enable-bootstrap --enable-shared --enable-threads=posix --enable-checking=release --enable-multilib --with-system-zlib --enable-__cxa_atexit --disable-libunwind-exceptions --enable-gnu-unique-object --enable-linker-build-id --with-linker-hash-style=gnu --enable-languages=c,c++,objc,obj-c++,fortran,ada,go,lto --enable-plugin --enable-initfini-array --disable-libgcj --with-isl=/builddir/build/BUILD/gcc-4.9.2-20150212/obj-x86_64-redhat-linux/isl-install --with-cloog=/builddir/build/BUILD/gcc-4.9.2-20150212/obj-x86_64-redhat-linux/cloog-install --enable-gnu-indirect-function --with-tune=generic --with-arch_32=i686 --build=x86_64-redhat-linux
Thread model: posix
gcc version 4.9.2 20150212 (Red Hat 4.9.2-6) (GCC) 
configure:2509: $? = 0
configure:2498: gcc -V >&5
gcc: error: unrecognized command line option '-V'
gcc: fatal error: no input files
compilation terminated.
configure:2509: $? = 4
configure:2498: gcc -qversion >&5
gcc: error: unrecognized command line option '-qversion'
gcc: fatal error: no input files
compilation terminated.
configure:2509: $? = 4
configure:2529: checking whether the C compiler works
configure:2551: gcc    conftest.c  >&5
configure:2555: $? = 0
configure:2603: result: yes
configure:2606: checking for C compiler default output file name
configure:2608: result: a.out
configure:2614: checking for suffix of executables
configure:2621: gcc -o conftest    conftest.c  >&5
configure:2625: $? = 0
configure:2647: result: 
configure:2669: checking whether we are cross compiling
configure:2677: gcc -o conftest    conftest.c  >&5
configure:2681: $? = 0
configure:2688: ./conftest
configure:2692: $? = 0
configure:2707: result: no
configure:2712: checking for suffix of object files
configure:2734: gcc -c   conftest.c >&5
configure:2738: $? = 0
configure:2759: result: o
configure:2763: checking whether we are using the GNU C compiler
configure:2782: gcc -c   conftest.c >&5
configure:2782: $? = 0
configure:2791: result: yes
configure:2800: checking whether gcc accepts -g
configure:2820: gcc -c -g  conftest.c >&5
configure:2820: $? = 0
configure:2861: result: yes
configure:2878: checking for gcc option to accept ISO C89
configure:2941: gcc  -c -g -O2  conftest.c >&5
configure:2941: $? = 0
configure:2954: result: none needed
configure:2982: checking whether gcc understands -c and -o together
configure:3004: gcc -c conftest.c -o conftest2.o
configure:3007: $? = 0
configure:3004: gcc -c conftest.c -o conftest2.o
configure:3007: $? = 0
configure:3019: result: yes
configure:3050: checking for a BSD-compatible install
configure:3118: result: /usr/bin/install -c
configure:3190: checking for pkg-config
configure:3208: found /usr/bin/pkg-config
configure:3220: result: /usr/bin/pkg-config
configure:3245: checking pkg-config is at least version 0.9.0
configure:3248: result: yes
configure:3258: checking for GOBJECT
configure:3265: $PKG_CONFIG --exists --print-errors "gobject-2.0 >= 2.38"
configure:3268: $? = 0
configure:3282: $PKG_CONFIG --exists --print-errors "gobject-2.0 >= 2.38"
configure:3285: $? = 0
configure:3343: result: yes
configure:3357: checking for gcc option to accept ISO C99
configure:3506: gcc  -c -g -O2  conftest.c >&5
conftest.c:59:29: error: expected ';', ',' or ')' before 'text'
 test_restrict (ccp restrict text)
                             ^
conftest.c: In function 'main':
conftest.c:113:18: error: expected '=', ',', ';', 'asm' or '__attribute__' before 'newvar'
   char *restrict newvar = "Another string";
                  ^
conftest.c:113:18: error: 'newvar' undeclared (first use in this function)
conftest.c:113:18: note: each undeclared identifier is reported only once for each function it appears in
conftest.c:123:3: error: 'for' loop initial declarations are only allowed in C99 or C11 mode
   for (int i = 0; i < ia->datasize; ++i)
   ^
conftest.c:123:3: note: use option -std=c99, -std=gnu99, -std=c11 or -std=gnu11 to compile your code
configure:3506: $? = 1
configure: failed program was:
| /* confdefs.h */
| #define PACKAGE_NAME "gscie"
| #define PACKAGE_TARNAME "gscie"
| #define PACKAGE_VERSION "1.0.0"
| #define PACKAGE_STRING "gscie 1.0.0"
| #define PACKAGE_BUGREPORT "SendBugsHere@example.com"
| #define PACKAGE_URL ""
| /* end confdefs.h.  */
| #include <stdarg.h>
| #include <stdbool.h>
| #include <stdlib.h>
| #include <wchar.h>
| #include <stdio.h>
| 
| // Check varargs macros.  These examples are taken from C99 6.10.3.5.
| #define debug(...) fprintf (stderr, __VA_ARGS__)
| #define showlist(...) puts (#__VA_ARGS__)
| #define report(test,...) ((test) ? puts (#test) : printf (__VA_ARGS__))
| static void
| test_varargs_macros (void)
| {
|   int x = 1234;
|   int y = 5678;
|   debug ("Flag");
|   debug ("X = %d\n", x);
|   showlist (The first, second, and third items.);
|   report (x>y, "x is %d but y is %d", x, y);
| }
| 
| // Check long long types.
| #define BIG64 18446744073709551615ull
| #define BIG32 4294967295ul
| #define BIG_OK (BIG64 / BIG32 == 4294967297ull && BIG64 % BIG32 == 0)
| #if !BIG_OK
|   your preprocessor is broken;
| #endif
| #if BIG_OK
| #else
|   your preprocessor is broken;
| #endif
| static long long int bignum = -9223372036854775807LL;
| static unsigned long long int ubignum = BIG64;
| 
| struct incomplete_array
| {
|   int datasize;
|   double data[];
| };
| 
| struct named_init {
|   int number;
|   const wchar_t *name;
|   double average;
| };
| 
| typedef const char *ccp;
| 
| static inline int
| test_restrict (ccp restrict text)
| {
|   // See if C++-style comments work.
|   // Iterate through items via the restricted pointer.
|   // Also check for declarations in for loops.
|   for (unsigned int i = 0; *(text+i) != '\0'; ++i)
|     continue;
|   return 0;
| }
| 
| // Check varargs and va_copy.
| static void
| test_varargs (const char *format, ...)
| {
|   va_list args;
|   va_start (args, format);
|   va_list args_copy;
|   va_copy (args_copy, args);
| 
|   const char *str;
|   int number;
|   float fnumber;
| 
|   while (*format)
|     {
|       switch (*format++)
| 	{
| 	case 's': // string
| 	  str = va_arg (args_copy, const char *);
| 	  break;
| 	case 'd': // int
| 	  number = va_arg (args_copy, int);
| 	  break;
| 	case 'f': // float
| 	  fnumber = va_arg (args_copy, double);
| 	  break;
| 	default:
| 	  break;
| 	}
|     }
|   va_end (args_copy);
|   va_end (args);
| }
| 
| int
| main ()
| {
| 
|   // Check bool.
|   _Bool success = false;
| 
|   // Check restrict.
|   if (test_restrict ("String literal") == 0)
|     success = true;
|   char *restrict newvar = "Another string";
| 
|   // Check varargs.
|   test_varargs ("s, d' f .", "string", 65, 34.234);
|   test_varargs_macros ();
| 
|   // Check flexible array members.
|   struct incomplete_array *ia =
|     malloc (sizeof (struct incomplete_array) + (sizeof (double) * 10));
|   ia->datasize = 10;
|   for (int i = 0; i < ia->datasize; ++i)
|     ia->data[i] = i * 1.234;
| 
|   // Check named initializers.
|   struct named_init ni = {
|     .number = 34,
|     .name = L"Test wide string",
|     .average = 543.34343,
|   };
| 
|   ni.number = 58;
| 
|   int dynamic_array[ni.number];
|   dynamic_array[ni.number - 1] = 543;
| 
|   // work around unused variable warnings
|   return (!success || bignum == 0LL || ubignum == 0uLL || newvar[0] == 'x'
| 	  || dynamic_array[ni.number - 1] != 543);
| 
|   ;
|   return 0;
| }
configure:3506: gcc -std=gnu99 -c -g -O2  conftest.c >&5
configure:3506: $? = 0
configure:3526: result: -std=gnu99
configure:3627: checking for gcc -std=gnu99 option to accept ISO Standard C
configure:3641: result: -std=gnu99
configure:3651: checking whether build environment is sane
configure:3706: result: yes
configure:3854: checking for a thread-safe mkdir -p
configure:3893: result: /usr/bin/mkdir -p
configure:3900: checking for gawk
configure:3916: found /usr/bin/gawk
configure:3927: result: gawk
configure:3938: checking whether make sets $(MAKE)
configure:3960: result: yes
configure:3990: checking for style of include used by make
configure:4018: result: GNU
configure:4052: checking whether make supports nested variables
configure:4069: result: yes
configure:4154: checking dependency style of gcc -std=gnu99
configure:4265: result: gcc3
configure:4374: checking for ar
configure:4390: found /usr/bin/ar
configure:4401: result: ar
configure:4427: checking the archiver (ar) interface
configure:4443: gcc -std=gnu99 -c -g -O2  conftest.c >&5
configure:4443: $? = 0
configure:4445: ar cru libconftest.a conftest.o >&5
configure:4448: $? = 0
configure:4476: result: ar
configure:4525: checking build system type
configure:4539: result: x86_64-unknown-linux-gnu
configure:4559: checking host system type
configure:4572: result: x86_64-unknown-linux-gnu
configure:4613: checking how to print strings
configure:4640: result: printf
configure:4661: checking for a sed that does not truncate output
configure:4725: result: /usr/bin/sed
configure:4743: checking for grep that handles long lines and -e
configure:4801: result: /usr/bin/grep
configure:4806: checking for egrep
configure:4868: result: /usr/bin/grep -E
configure:4873: checking for fgrep
configure:4935: result: /usr/bin/grep -F
configure:4970: checking for ld used by gcc -std=gnu99
configure:5037: result: /usr/bin/ld
configure:5044: checking if the linker (/usr/bin/ld) is GNU ld
configure:5059: result: yes
configure:5071: checking for BSD- or MS-compatible name lister (nm)
configure:5120: result: /usr/bin/nm -B
configure:5250: checking the name lister (/usr/bin/nm -B) interface
configure:5257: gcc -std=gnu99 -c -g -O2  conftest.c >&5
configure:5260: /usr/bin/nm -B "conftest.o"
configure:5263: output
0000000000000000 B some_variable
configure:5270: result: BSD nm
configure:5273: checking whether ln -s works
configure:5277: result: yes
configure:5285: checking the maximum length of command line arguments
configure:5415: result: 1572864
configure:5432: checking whether the shell understands some XSI constructs
configure:5442: result: yes
configure:5446: checking whether the shell understands "+="
configure:5452: result: yes
configure:5487: checking how to convert x86_64-unknown-linux-gnu file names to x86_64-unknown-linux-gnu format
configure:5527: result: func_convert_file_noop
configure:5534: checking how to convert x86_64-unknown-linux-gnu file names to toolchain format
configure:5554: result: func_convert_file_noop
configure:5561: checking for /usr/bin/ld option to reload object files
configure:5568: result: -r
configure:5642: checking for objdump
configure:5658: found /usr/bin/objdump
configure:5669: result: objdump
configure:5701: checking how to recognize dependent libraries
configure:5903: result: pass_all
configure:5988: checking for dlltool
configure:6018: result: no
configure:6048: checking how to associate runtime and link libraries
configure:6075: result: printf %s\n
configure:6199: checking for archiver @FILE support
configure:6216: gcc -std=gnu99 -c -g -O2  conftest.c >&5
configure:6216: $? = 0
configure:6219: ar cru libconftest.a @conftest.lst >&5
configure:6222: $? = 0
configure:6227: ar cru libconftest.a @conftest.lst >&5
ar: conftest.o: No such file or directory
configure:6230: $? = 1
configure:6242: result: @
configure:6300: checking for strip
configure:6316: found /usr/bin/strip
configure:6327: result: strip
configure:6399: checking for ranlib
configure:6415: found /usr/bin/ranlib
configure:6426: result: ranlib
configure:6528: checking command to parse /usr/bin/nm -B output from gcc -std=gnu99 object
configure:6648: gcc -std=gnu99 -c -g -O2  conftest.c >&5
configure:6651: $? = 0
configure:6655: /usr/bin/nm -B conftest.o \| sed -n -e 's/^.*[ ]\([ABCDGIRSTW][ABCDGIRSTW]*\)[ ][ ]*\([_A-Za-z][_A-Za-z0-9]*\)$/\1 \2 \2/p' | sed '/ __gnu_lto/d' \> conftest.nm
configure:6658: $? = 0
configure:6724: gcc -std=gnu99 -o conftest -g -O2   conftest.c conftstm.o >&5
configure:6727: $? = 0
configure:6765: result: ok
configure:6802: checking for sysroot
configure:6832: result: no
configure:6909: gcc -std=gnu99 -c -g -O2  conftest.c >&5
configure:6912: $? = 0
configure:7094: checking for mt
configure:7124: result: no
configure:7144: checking if : is a manifest tool
configure:7150: : '-?'
configure:7158: result: no
configure:7800: checking how to run the C preprocessor
configure:7831: gcc -std=gnu99 -E  conftest.c
configure:7831: $? = 0
configure:7845: gcc -std=gnu99 -E  conftest.c
conftest.c:11:28: fatal error: ac_nonexistent.h: No such file or directory
 #include <ac_nonexistent.h>
                            ^
compilation terminated.
configure:7845: $? = 1
configure: failed program was:
| /* confdefs.h */
| #define PACKAGE_NAME "gscie"
| #define PACKAGE_TARNAME "gscie"
| #define PACKAGE_VERSION "1.0.0"
| #define PACKAGE_STRING "gscie 1.0.0"
| #define PACKAGE_BUGREPORT "SendBugsHere@example.com"
| #define PACKAGE_URL ""
| #define PACKAGE "gscie"
| #define VERSION "1.0.0"
| /* end confdefs.h.  */
| #include <ac_nonexistent.h>
configure:7870: result: gcc -std=gnu99 -E
configure:7890: gcc -std=gnu99 -E  conftest.c
configure:7890: $? = 0
configure:7904: gcc -std=gnu99 -E  conftest.c
conftest.c:11:28: fatal error: ac_nonexistent.h: No such file or directory
 #include <ac_nonexistent.h>
                            ^
compilation terminated.
configure:7904: $? = 1
configure: failed program was:
| /* confdefs.h */
| #define PACKAGE_NAME "gscie"
| #define PACKAGE_TARNAME "gscie"
| #define PACKAGE_VERSION "1.0.0"
| #define PACKAGE_STRING "gscie 1.0.0"
| #define PACKAGE_BUGREPORT "SendBugsHere@example.com"
| #define PACKAGE_URL ""
| #define PACKAGE "gscie"
| #define VERSION "1.0.0"
| /* end confdefs.h.  */
| #include <ac_nonexistent.h>
configure:7933: checking for ANSI C header files
configure:7953: gcc -std=gnu99 -c -g -O2  conftest.c >&5
configure:7953: $? = 0
configure:8026: gcc -std=gnu99 -o conftest -g -O2   conftest.c  >&5
configure:8026: $? = 0
configure:8026: ./conftest
configure:8026: $? = 0
configure:8037: result: yes
configure:8050: checking for sys/types.h
configure:8050: gcc -std=gnu99 -c -g -O2  conftest.c >&5
configure:8050: $? = 0
configure:8050: result: yes
configure:8050: checking for sys/stat.h
configure:8050: gcc -std=gnu99 -c -g -O2  conftest.c >&5
configure:8050: $? = 0
configure:8050: result: yes
configure:8050: checking for stdlib.h
configure:8050: gcc -std=gnu99 -c -g -O2  conftest.c >&5
configure:8050: $? = 0
configure:8050: result: yes
configure:8050: checking for string.h
configure:8050: gcc -std=gnu99 -c -g -O2  conftest.c >&5
configure:8050: $? = 0
configure:8050: result: yes
configure:8050: checking for memory.h
configure:8050: gcc -std=gnu99 -c -g -O2  conftest.c >&5
configure:8050: $? = 0
configure:8050: result: yes
configure:8050: checking for strings.h
configure:8050: gcc -std=gnu99 -c -g -O2  conftest.c >&5
configure:8050: $? = 0
configure:8050: result: yes
configure:8050: checking for inttypes.h
configure:8050: gcc -std=gnu99 -c -g -O2  conftest.c >&5
configure:8050: $? = 0
configure:8050: result: yes
configure:8050: checking for stdint.h
configure:8050: gcc -std=gnu99 -c -g -O2  conftest.c >&5
configure:8050: $? = 0
configure:8050: result: yes
configure:8050: checking for unistd.h
configure:8050: gcc -std=gnu99 -c -g -O2  conftest.c >&5
configure:8050: $? = 0
configure:8050: result: yes
configure:8064: checking for dlfcn.h
configure:8064: gcc -std=gnu99 -c -g -O2  conftest.c >&5
configure:8064: $? = 0
configure:8064: result: yes
configure:8270: checking for objdir
configure:8285: result: .libs
configure:8556: checking if gcc -std=gnu99 supports -fno-rtti -fno-exceptions
configure:8574: gcc -std=gnu99 -c -g -O2  -fno-rtti -fno-exceptions conftest.c >&5
cc1: warning: command line option '-fno-rtti' is valid for C++/ObjC++ but not for C
configure:8578: $? = 0
configure:8591: result: no
configure:8918: checking for gcc -std=gnu99 option to produce PIC
configure:8925: result: -fPIC -DPIC
configure:8933: checking if gcc -std=gnu99 PIC flag -fPIC -DPIC works
configure:8951: gcc -std=gnu99 -c -g -O2  -fPIC -DPIC -DPIC conftest.c >&5
configure:8955: $? = 0
configure:8968: result: yes
configure:8997: checking if gcc -std=gnu99 static flag -static works
configure:9025: result: no
configure:9040: checking if gcc -std=gnu99 supports -c -o file.o
configure:9061: gcc -std=gnu99 -c -g -O2  -o out/conftest2.o conftest.c >&5
configure:9065: $? = 0
configure:9087: result: yes
configure:9095: checking if gcc -std=gnu99 supports -c -o file.o
configure:9142: result: yes
configure:9175: checking whether the gcc -std=gnu99 linker (/usr/bin/ld -m elf_x86_64) supports shared libraries
configure:10328: result: yes
configure:10365: checking whether -lc should be explicitly linked in
configure:10373: gcc -std=gnu99 -c -g -O2  conftest.c >&5
configure:10376: $? = 0
configure:10391: gcc -std=gnu99 -shared  -fPIC -DPIC conftest.o  -v -Wl,-soname -Wl,conftest -o conftest 2\>\&1 \| /usr/bin/grep  -lc  \>/dev/null 2\>\&1
configure:10394: $? = 0
configure:10408: result: no
configure:10568: checking dynamic linker characteristics
configure:11079: gcc -std=gnu99 -o conftest -g -O2   -Wl,-rpath -Wl,/foo conftest.c  >&5
configure:11079: $? = 0
configure:11305: result: GNU/Linux ld.so
configure:11412: checking how to hardcode library paths into programs
configure:11437: result: immediate
configure:11977: checking whether stripping libraries is possible
configure:11982: result: yes
configure:12017: checking if libtool supports shared libraries
configure:12019: result: yes
configure:12022: checking whether to build shared libraries
configure:12043: result: yes
configure:12046: checking whether to build static libraries
configure:12050: result: yes
configure:12102: checking for gobject-introspection
configure:12133: $PKG_CONFIG --exists --print-errors "gobject-introspection-1.0 >= 1.38.0"
configure:12136: $? = 0
configure:12148: result: yes
configure:12306: checking that generated files are newer than configure
configure:12312: result: done
configure:12339: creating ./config.status

## ---------------------- ##
## Running config.status. ##
## ---------------------- ##

This file was extended by gscie config.status 1.0.0, which was
generated by GNU Autoconf 2.69.  Invocation command line was

  CONFIG_FILES    = 
  CONFIG_HEADERS  = 
  CONFIG_LINKS    = 
  CONFIG_COMMANDS = 
  $ ./config.status 

on develos

config.status:1097: creating Makefile
config.status:1097: creating gscie/Makefile
config.status:1097: creating config.h
config.status:1278: config.h is unchanged
config.status:1326: executing depfiles commands
config.status:1326: executing libtool commands

## ---------------- ##
## Cache variables. ##
## ---------------- ##

ac_cv_build=x86_64-unknown-linux-gnu
ac_cv_c_compiler_gnu=yes
ac_cv_env_CC_set=
ac_cv_env_CC_value=
ac_cv_env_CFLAGS_set=
ac_cv_env_CFLAGS_value=
ac_cv_env_CPPFLAGS_set=
ac_cv_env_CPPFLAGS_value=
ac_cv_env_CPP_set=
ac_cv_env_CPP_value=
ac_cv_env_GOBJECT_CFLAGS_set=
ac_cv_env_GOBJECT_CFLAGS_value=
ac_cv_env_GOBJECT_LIBS_set=
ac_cv_env_GOBJECT_LIBS_value=
ac_cv_env_LDFLAGS_set=
ac_cv_env_LDFLAGS_value=
ac_cv_env_LIBS_set=
ac_cv_env_LIBS_value=
ac_cv_env_PKG_CONFIG_LIBDIR_set=
ac_cv_env_PKG_CONFIG_LIBDIR_value=
ac_cv_env_PKG_CONFIG_PATH_set=
ac_cv_env_PKG_CONFIG_PATH_value=
ac_cv_env_PKG_CONFIG_set=
ac_cv_env_PKG_CONFIG_value=
ac_cv_env_build_alias_set=
ac_cv_env_build_alias_value=
ac_cv_env_host_alias_set=
ac_cv_env_host_alias_value=
ac_cv_env_target_alias_set=
ac_cv_env_target_alias_value=
ac_cv_header_dlfcn_h=yes
ac_cv_header_inttypes_h=yes
ac_cv_header_memory_h=yes
ac_cv_header_stdc=yes
ac_cv_header_stdint_h=yes
ac_cv_header_stdlib_h=yes
ac_cv_header_string_h=yes
ac_cv_header_strings_h=yes
ac_cv_header_sys_stat_h=yes
ac_cv_header_sys_types_h=yes
ac_cv_header_unistd_h=yes
ac_cv_host=x86_64-unknown-linux-gnu
ac_cv_objext=o
ac_cv_path_EGREP='/usr/bin/grep -E'
ac_cv_path_FGREP='/usr/bin/grep -F'
ac_cv_path_GREP=/usr/bin/grep
ac_cv_path_SED=/usr/bin/sed
ac_cv_path_ac_pt_PKG_CONFIG=/usr/bin/pkg-config
ac_cv_path_install='/usr/bin/install -c'
ac_cv_path_mkdir=/usr/bin/mkdir
ac_cv_prog_AWK=gawk
ac_cv_prog_CPP='gcc -std=gnu99 -E'
ac_cv_prog_ac_ct_AR=ar
ac_cv_prog_ac_ct_CC=gcc
ac_cv_prog_ac_ct_OBJDUMP=objdump
ac_cv_prog_ac_ct_RANLIB=ranlib
ac_cv_prog_ac_ct_STRIP=strip
ac_cv_prog_cc_c89=
ac_cv_prog_cc_c99=-std=gnu99
ac_cv_prog_cc_g=yes
ac_cv_prog_cc_stdc=-std=gnu99
ac_cv_prog_make_make_set=yes
am_cv_CC_dependencies_compiler_type=gcc3
am_cv_ar_interface=ar
am_cv_make_support_nested_variables=yes
am_cv_prog_cc_c_o=yes
lt_cv_ar_at_file=@
lt_cv_archive_cmds_need_lc=no
lt_cv_deplibs_check_method=pass_all
lt_cv_file_magic_cmd='$MAGIC_CMD'
lt_cv_file_magic_test_file=
lt_cv_ld_reload_flag=-r
lt_cv_nm_interface='BSD nm'
lt_cv_objdir=.libs
lt_cv_path_LD=/usr/bin/ld
lt_cv_path_NM='/usr/bin/nm -B'
lt_cv_path_mainfest_tool=no
lt_cv_prog_compiler_c_o=yes
lt_cv_prog_compiler_pic='-fPIC -DPIC'
lt_cv_prog_compiler_pic_works=yes
lt_cv_prog_compiler_rtti_exceptions=no
lt_cv_prog_compiler_static_works=no
lt_cv_prog_gnu_ld=yes
lt_cv_sharedlib_from_linklib_cmd='printf %s\n'
lt_cv_shlibpath_overrides_runpath=no
lt_cv_sys_global_symbol_pipe='sed -n -e '\''s/^.*[	 ]\([ABCDGIRSTW][ABCDGIRSTW]*\)[	 ][	 ]*\([_A-Za-z][_A-Za-z0-9]*\)$/\1 \2 \2/p'\'' | sed '\''/ __gnu_lto/d'\'''
lt_cv_sys_global_symbol_to_c_name_address='sed -n -e '\''s/^: \([^ ]*\)[ ]*$/  {\"\1\", (void *) 0},/p'\'' -e '\''s/^[ABCDGIRSTW]* \([^ ]*\) \([^ ]*\)$/  {"\2", (void *) \&\2},/p'\'''
lt_cv_sys_global_symbol_to_c_name_address_lib_prefix='sed -n -e '\''s/^: \([^ ]*\)[ ]*$/  {\"\1\", (void *) 0},/p'\'' -e '\''s/^[ABCDGIRSTW]* \([^ ]*\) \(lib[^ ]*\)$/  {"\2", (void *) \&\2},/p'\'' -e '\''s/^[ABCDGIRSTW]* \([^ ]*\) \([^ ]*\)$/  {"lib\2", (void *) \&\2},/p'\'''
lt_cv_sys_global_symbol_to_cdecl='sed -n -e '\''s/^T .* \(.*\)$/extern int \1();/p'\'' -e '\''s/^[ABCDGIRSTW]* .* \(.*\)$/extern char \1;/p'\'''
lt_cv_sys_max_cmd_len=1572864
lt_cv_to_host_file_cmd=func_convert_file_noop
lt_cv_to_tool_file_cmd=func_convert_file_noop
pkg_cv_GOBJECT_CFLAGS='-I/usr/include/glib-2.0 -I/usr/lib64/glib-2.0/include '
pkg_cv_GOBJECT_LIBS='-lgobject-2.0 -lglib-2.0 '

## ----------------- ##
## Output variables. ##
## ----------------- ##

ACLOCAL='${SHELL} /home/kesmarag/Git/Gscie/build/missing aclocal-1.14'
AMDEPBACKSLASH='\'
AMDEP_FALSE='#'
AMDEP_TRUE=''
AMTAR='$${TAR-tar}'
AM_BACKSLASH='\'
AM_DEFAULT_V='$(AM_DEFAULT_VERBOSITY)'
AM_DEFAULT_VERBOSITY='1'
AM_V='$(V)'
AR='ar'
AUTOCONF='${SHELL} /home/kesmarag/Git/Gscie/build/missing autoconf'
AUTOHEADER='${SHELL} /home/kesmarag/Git/Gscie/build/missing autoheader'
AUTOMAKE='${SHELL} /home/kesmarag/Git/Gscie/build/missing automake-1.14'
AWK='gawk'
CC='gcc -std=gnu99'
CCDEPMODE='depmode=gcc3'
CFLAGS='-g -O2'
CPP='gcc -std=gnu99 -E'
CPPFLAGS=''
CYGPATH_W='echo'
DEFS='-DHAVE_CONFIG_H'
DEPDIR='.deps'
DLLTOOL='false'
DSYMUTIL=''
DUMPBIN=''
ECHO_C=''
ECHO_N='-n'
ECHO_T=''
EGREP='/usr/bin/grep -E'
EXEEXT=''
FGREP='/usr/bin/grep -F'
GOBJECT_CFLAGS='-I/usr/include/glib-2.0 -I/usr/lib64/glib-2.0/include '
GOBJECT_LIBS='-lgobject-2.0 -lglib-2.0 '
GREP='/usr/bin/grep'
HAVE_INTROSPECTION_FALSE='#'
HAVE_INTROSPECTION_TRUE=''
INSTALL_DATA='${INSTALL} -m 644'
INSTALL_PROGRAM='${INSTALL}'
INSTALL_SCRIPT='${INSTALL}'
INSTALL_STRIP_PROGRAM='$(install_sh) -c -s'
INTROSPECTION_CFLAGS='-pthread -I/usr/include/gobject-introspection-1.0 -I/usr/include/glib-2.0 -I/usr/lib64/glib-2.0/include '
INTROSPECTION_COMPILER='/usr/bin/g-ir-compiler'
INTROSPECTION_GENERATE='/usr/bin/g-ir-generate'
INTROSPECTION_GIRDIR='/usr/share/gir-1.0'
INTROSPECTION_LIBS='-lgirepository-1.0 -lgobject-2.0 -lglib-2.0 '
INTROSPECTION_MAKEFILE='/usr/share/gobject-introspection-1.0/Makefile.introspection'
INTROSPECTION_SCANNER='/usr/bin/g-ir-scanner'
INTROSPECTION_TYPELIBDIR='/usr/lib64/girepository-1.0'
LD='/usr/bin/ld -m elf_x86_64'
LDFLAGS=''
LIBOBJS=''
LIBS=''
LIBTOOL='$(SHELL) $(top_builddir)/libtool'
LIPO=''
LN_S='ln -s'
LTLIBOBJS=''
MAKEINFO='${SHELL} /home/kesmarag/Git/Gscie/build/missing makeinfo'
MANIFEST_TOOL=':'
MKDIR_P='/usr/bin/mkdir -p'
NM='/usr/bin/nm -B'
NMEDIT=''
OBJDUMP='objdump'
OBJEXT='o'
OTOOL64=''
OTOOL=''
PACKAGE='gscie'
PACKAGE_BUGREPORT='SendBugsHere@example.com'
PACKAGE_NAME='gscie'
PACKAGE_STRING='gscie 1.0.0'
PACKAGE_TARNAME='gscie'
PACKAGE_URL=''
PACKAGE_VERSION='1.0.0'
PATH_SEPARATOR=':'
PKG_CONFIG='/usr/bin/pkg-config'
PKG_CONFIG_LIBDIR=''
PKG_CONFIG_PATH=''
RANLIB='ranlib'
SED='/usr/bin/sed'
SET_MAKE=''
SHELL='/bin/sh'
STRIP='strip'
VERSION='1.0.0'
ac_ct_AR='ar'
ac_ct_CC='gcc'
ac_ct_DUMPBIN=''
am__EXEEXT_FALSE=''
am__EXEEXT_TRUE='#'
am__fastdepCC_FALSE='#'
am__fastdepCC_TRUE=''
am__include='include'
am__isrc=''
am__leading_dot='.'
am__nodep='_no'
am__quote=''
am__tar='$${TAR-tar} chof - "$$tardir"'
am__untar='$${TAR-tar} xf -'
bindir='${exec_prefix}/bin'
build='x86_64-unknown-linux-gnu'
build_alias=''
build_cpu='x86_64'
build_os='linux-gnu'
build_vendor='unknown'
datadir='${datarootdir}'
datarootdir='${prefix}/share'
docdir='${datarootdir}/doc/${PACKAGE_TARNAME}'
dvidir='${docdir}'
exec_prefix='${prefix}'
gscie_CFLAGS='-Wall -fopenmp'
host='x86_64-unknown-linux-gnu'
host_alias=''
host_cpu='x86_64'
host_os='linux-gnu'
host_vendor='unknown'
htmldir='${docdir}'
includedir='${prefix}/include'
infodir='${datarootdir}/info'
install_sh='${SHELL} /home/kesmarag/Git/Gscie/build/install-sh'
libdir='${exec_prefix}/lib'
libexecdir='${exec_prefix}/libexec'
localedir='${datarootdir}/locale'
localstatedir='${prefix}/var'
mandir='${datarootdir}/man'
mkdir_p='$(MKDIR_P)'
oldincludedir='/usr/include'
pdfdir='${docdir}'
prefix='/usr/local'
program_transform_name='s,x,x,'
psdir='${docdir}'
sbindir='${exec_prefix}/sbin'
sharedstatedir='${prefix}/com'
sysconfdir='${prefix}/etc'
target_alias=''

## ----------- ##
## confdefs.h. ##
## ----------- ##

/* confdefs.h */
#define PACKAGE_NAME "gscie"
#define PACKAGE_TARNAME "gscie"
#define PACKAGE_VERSION "1.0.0"
#define PACKAGE_STRING "gscie 1.0.0"
#define PACKAGE_BUGREPORT "SendBugsHere@example.com"
#define PACKAGE_URL ""
#define PACKAGE "gscie"
#define VERSION "1.0.0"
#define STDC_HEADERS 1
#define HAVE_SYS_TYPES_H 1
#define HAVE_SYS_STAT_H 1
#define HAVE_STDLIB_H 1
#define HAVE_STRING_H 1
#define HAVE_MEMORY_H 1
#define HAVE_STRINGS_H 1
#define HAVE_INTTYPES_H 1
#define HAVE_STDINT_H 1
#define HAVE_UNISTD_H 1
#define HAVE_DLFCN_H 1
#define LT_OBJDIR ".libs/"

configure: exit 0

## ---------------------- ##
## Running config.status. ##
## ---------------------- ##

This file was extended by gscie config.status 1.0.0, which was
generated by GNU Autoconf 2.69.  Invocation command line was

  CONFIG_FILES    = 
  CONFIG_HEADERS  = 
  CONFIG_LINKS    = 
  CONFIG_COMMANDS = 
  $ ./config.status gscie/Makefile depfiles

on develos

config.status:1097: creating gscie/Makefile
config.status:1326: executing depfiles commands

## ---------------------- ##
## Running config.status. ##
## ---------------------- ##

This file was extended by gscie config.status 1.0.0, which was
generated by GNU Autoconf 2.69.  Invocation command line was

  CONFIG_FILES    = 
  CONFIG_HEADERS  = 
  CONFIG_LINKS    = 
  CONFIG_COMMANDS = 
  $ ./config.status gscie/Makefile depfiles

on develos

config.status:1097: creating gscie/Makefile
config.status:1326: executing depfiles commands
